2023-06-09 10:34:19.382  INFO [mqtt-service,,] 71716 --- [main] com.cloud.mqtt.MqttApplication           : No active profile set, falling back to 1 default profile: "default"
2023-06-09 10:34:19.811  INFO [mqtt-service,,] 71716 --- [main] .s.d.r.c.RepositoryConfigurationDelegate : Multiple Spring Data modules found, entering strict repository configuration mode
2023-06-09 10:34:19.813  INFO [mqtt-service,,] 71716 --- [main] .s.d.r.c.RepositoryConfigurationDelegate : Bootstrapping Spring Data Redis repositories in DEFAULT mode.
2023-06-09 10:34:19.824  INFO [mqtt-service,,] 71716 --- [main] .s.d.r.c.RepositoryConfigurationDelegate : Finished Spring Data repository scanning in 3 ms. Found 0 Redis repository interfaces.
2023-06-09 10:34:19.971  INFO [mqtt-service,,] 71716 --- [main] faultConfiguringBeanFactoryPostProcessor : No bean named 'errorChannel' has been explicitly defined. Therefore, a default PublishSubscribeChannel will be created.
2023-06-09 10:34:19.978  INFO [mqtt-service,,] 71716 --- [main] faultConfiguringBeanFactoryPostProcessor : No bean named 'integrationHeaderChannelRegistry' has been explicitly defined. Therefore, a default DefaultHeaderChannelRegistry will be created.
2023-06-09 10:34:20.021  INFO [mqtt-service,,] 71716 --- [main] o.s.cloud.context.scope.GenericScope     : BeanFactory id=e9f88763-3d10-37eb-a650-a2261b385d95
2023-06-09 10:34:20.161  INFO [mqtt-service,,] 71716 --- [main] trationDelegate$BeanPostProcessorChecker : Bean 'org.springframework.cloud.commons.config.CommonsConfigAutoConfiguration' of type [org.springframework.cloud.commons.config.CommonsConfigAutoConfiguration] is not eligible for getting processed by all BeanPostProcessors (for example: not eligible for auto-proxying)
2023-06-09 10:34:20.166  INFO [mqtt-service,,] 71716 --- [main] trationDelegate$BeanPostProcessorChecker : Bean 'org.springframework.cloud.client.loadbalancer.LoadBalancerDefaultMappingsProviderAutoConfiguration' of type [org.springframework.cloud.client.loadbalancer.LoadBalancerDefaultMappingsProviderAutoConfiguration] is not eligible for getting processed by all BeanPostProcessors (for example: not eligible for auto-proxying)
2023-06-09 10:34:20.167  INFO [mqtt-service,,] 71716 --- [main] trationDelegate$BeanPostProcessorChecker : Bean 'loadBalancerClientsDefaultsMappingsProvider' of type [org.springframework.cloud.client.loadbalancer.LoadBalancerDefaultMappingsProviderAutoConfiguration$$Lambda$433/1334391583] is not eligible for getting processed by all BeanPostProcessors (for example: not eligible for auto-proxying)
2023-06-09 10:34:20.173  INFO [mqtt-service,,] 71716 --- [main] trationDelegate$BeanPostProcessorChecker : Bean 'defaultsBindHandlerAdvisor' of type [org.springframework.cloud.commons.config.DefaultsBindHandlerAdvisor] is not eligible for getting processed by all BeanPostProcessors (for example: not eligible for auto-proxying)
2023-06-09 10:34:20.178  INFO [mqtt-service,,] 71716 --- [main] trationDelegate$BeanPostProcessorChecker : Bean 'spring.cloud.sentinel-com.alibaba.cloud.sentinel.SentinelProperties' of type [com.alibaba.cloud.sentinel.SentinelProperties] is not eligible for getting processed by all BeanPostProcessors (for example: not eligible for auto-proxying)
2023-06-09 10:34:20.184  INFO [mqtt-service,,] 71716 --- [main] trationDelegate$BeanPostProcessorChecker : Bean 'com.alibaba.cloud.sentinel.custom.SentinelAutoConfiguration' of type [com.alibaba.cloud.sentinel.custom.SentinelAutoConfiguration] is not eligible for getting processed by all BeanPostProcessors (for example: not eligible for auto-proxying)
2023-06-09 10:34:20.458  INFO [mqtt-service,,] 71716 --- [main] o.s.b.w.embedded.tomcat.TomcatWebServer  : Tomcat initialized with port(s): 20000 (http)
2023-06-09 10:34:20.463  INFO [mqtt-service,,] 71716 --- [main] o.apache.catalina.core.StandardService   : Starting service [Tomcat]
2023-06-09 10:34:20.463  INFO [mqtt-service,,] 71716 --- [main] org.apache.catalina.core.StandardEngine  : Starting Servlet engine: [Apache Tomcat/9.0.71]
2023-06-09 10:34:20.517  INFO [mqtt-service,,] 71716 --- [main] o.a.c.c.C.[Tomcat].[localhost].[/]       : Initializing Spring embedded WebApplicationContext
2023-06-09 10:34:20.517  INFO [mqtt-service,,] 71716 --- [main] w.s.c.ServletWebServerApplicationContext : Root WebApplicationContext: initialization completed in 1126 ms
2023-06-09 10:34:20.741  WARN [mqtt-service,,] 71716 --- [pool-2-thread-1] o.s.c.s.a.z.ZipkinAutoConfiguration      : Check result of the [RestTemplateSender{http://localhost:9411/api/v2/spans}] contains an error [CheckResult{ok=false, error=org.springframework.web.client.ResourceAccessException: I/O error on POST request for "http://localhost:9411/api/v2/spans": Connection refused (Connection refused); nested exception is java.net.ConnectException: Connection refused (Connection refused)}]
2023-06-09 10:34:21.110  INFO [mqtt-service,,] 71716 --- [main] c.a.c.sentinel.SentinelWebMvcConfigurer  : [Sentinel Starter] register SentinelWebInterceptor with urlPatterns: [/**].
2023-06-09 10:34:22.410  INFO [mqtt-service,,] 71716 --- [main] o.s.i.endpoint.EventDrivenConsumer       : Adding {logging-channel-adapter:_org.springframework.integration.errorLogger} as a subscriber to the 'errorChannel' channel
2023-06-09 10:34:22.410  INFO [mqtt-service,,] 71716 --- [main] o.s.i.channel.PublishSubscribeChannel    : Channel 'mqtt-service-1.errorChannel' has 1 subscriber(s).
2023-06-09 10:34:22.410  INFO [mqtt-service,,] 71716 --- [main] o.s.i.endpoint.EventDrivenConsumer       : started bean '_org.springframework.integration.errorLogger'
2023-06-09 10:34:22.519  INFO [mqtt-service,,] 71716 --- [main] o.s.b.w.embedded.tomcat.TomcatWebServer  : Tomcat started on port(s): 20000 (http) with context path ''
2023-06-09 10:34:22.535  INFO [mqtt-service,,] 71716 --- [main] c.a.c.n.registry.NacosServiceRegistry    : nacos registry, DEFAULT_GROUP mqtt-service 10.129.8.177:20000 register finished
2023-06-09 10:34:22.551  INFO [mqtt-service,,] 71716 --- [main] com.cloud.mqtt.MqttApplication           : Started MqttApplication in 3.69 seconds (JVM running for 4.051)
2023-06-09 10:34:23.469  WARN [mqtt-service,,] 71716 --- [Thread-19] c.a.nacos.common.notify.NotifyCenter     : [NotifyCenter] Start destroying Publisher
2023-06-09 10:34:23.469  WARN [mqtt-service,,] 71716 --- [Thread-13] c.a.n.common.http.HttpClientBeanHolder   : [HttpClientBeanHolder] Start destroying common HttpClient
2023-06-09 10:34:23.469  WARN [mqtt-service,,] 71716 --- [Thread-19] c.a.nacos.common.notify.NotifyCenter     : [NotifyCenter] Destruction of the end
2023-06-09 10:34:23.470  WARN [mqtt-service,,] 71716 --- [Thread-13] c.a.n.common.http.HttpClientBeanHolder   : [HttpClientBeanHolder] Destruction of the end
2023-06-09 10:34:23.471  INFO [mqtt-service,,] 71716 --- [Thread-6] o.s.c.s.a.z.ZipkinAutoConfiguration      : Flushing remaining spans on shutdown
2023-06-09 10:34:24.483  INFO [mqtt-service,,] 71716 --- [SpringApplicationShutdownHook] o.s.i.endpoint.EventDrivenConsumer       : Removing {logging-channel-adapter:_org.springframework.integration.errorLogger} as a subscriber to the 'errorChannel' channel
2023-06-09 10:34:24.484  INFO [mqtt-service,,] 71716 --- [SpringApplicationShutdownHook] o.s.i.channel.PublishSubscribeChannel    : Channel 'mqtt-service-1.errorChannel' has 0 subscriber(s).
2023-06-09 10:34:24.484  INFO [mqtt-service,,] 71716 --- [SpringApplicationShutdownHook] o.s.i.endpoint.EventDrivenConsumer       : stopped bean '_org.springframework.integration.errorLogger'
2023-06-09 10:34:24.487  INFO [mqtt-service,,] 71716 --- [SpringApplicationShutdownHook] c.a.c.n.registry.NacosServiceRegistry    : De-registering from Nacos Server now...
2023-06-09 10:34:24.498  INFO [mqtt-service,,] 71716 --- [SpringApplicationShutdownHook] c.a.c.n.registry.NacosServiceRegistry    : De-registration finished.
