2024-08-02 14:56:40.685  INFO 5520 --- [main] com.cloud.gateway.GatewayApplication     : The following 1 profile is active: "dev"
2024-08-02 14:56:41.166  INFO 5520 --- [main] .s.d.r.c.RepositoryConfigurationDelegate : Multiple Spring Data modules found, entering strict repository configuration mode
2024-08-02 14:56:41.168  INFO 5520 --- [main] .s.d.r.c.RepositoryConfigurationDelegate : Bootstrapping Spring Data Redis repositories in DEFAULT mode.
2024-08-02 14:56:41.185  INFO 5520 --- [main] .s.d.r.c.RepositoryConfigurationDelegate : Finished Spring Data repository scanning in 5 ms. Found 0 Redis repository interfaces.
2024-08-02 14:56:41.307  INFO 5520 --- [main] o.s.cloud.context.scope.GenericScope     : BeanFactory id=d0832d3e-c3a8-3d89-809d-7108fea63ebc
2024-08-02 14:56:41.352  INFO 5520 --- [main] trationDelegate$BeanPostProcessorChecker : Bean 'org.springframework.cloud.client.loadbalancer.reactive.LoadBalancerBeanPostProcessorAutoConfiguration' of type [org.springframework.cloud.client.loadbalancer.reactive.LoadBalancerBeanPostProcessorAutoConfiguration] is not eligible for getting processed by all BeanPostProcessors (for example: not eligible for auto-proxying)
2024-08-02 14:56:41.353  INFO 5520 --- [main] trationDelegate$BeanPostProcessorChecker : Bean 'org.springframework.cloud.client.loadbalancer.reactive.LoadBalancerBeanPostProcessorAutoConfiguration$ReactorDeferringLoadBalancerFilterConfig' of type [org.springframework.cloud.client.loadbalancer.reactive.LoadBalancerBeanPostProcessorAutoConfiguration$ReactorDeferringLoadBalancerFilterConfig] is not eligible for getting processed by all BeanPostProcessors (for example: not eligible for auto-proxying)
2024-08-02 14:56:41.355  INFO 5520 --- [main] trationDelegate$BeanPostProcessorChecker : Bean 'reactorDeferringLoadBalancerExchangeFilterFunction' of type [org.springframework.cloud.client.loadbalancer.reactive.DeferringLoadBalancerExchangeFilterFunction] is not eligible for getting processed by all BeanPostProcessors (for example: not eligible for auto-proxying)
2024-08-02 14:56:42.935  INFO 5520 --- [main] o.s.c.g.r.RouteDefinitionRouteLocator    : Loaded RoutePredicateFactory [After]
2024-08-02 14:56:42.935  INFO 5520 --- [main] o.s.c.g.r.RouteDefinitionRouteLocator    : Loaded RoutePredicateFactory [Before]
2024-08-02 14:56:42.935  INFO 5520 --- [main] o.s.c.g.r.RouteDefinitionRouteLocator    : Loaded RoutePredicateFactory [Between]
2024-08-02 14:56:42.935  INFO 5520 --- [main] o.s.c.g.r.RouteDefinitionRouteLocator    : Loaded RoutePredicateFactory [Cookie]
2024-08-02 14:56:42.935  INFO 5520 --- [main] o.s.c.g.r.RouteDefinitionRouteLocator    : Loaded RoutePredicateFactory [Header]
2024-08-02 14:56:42.936  INFO 5520 --- [main] o.s.c.g.r.RouteDefinitionRouteLocator    : Loaded RoutePredicateFactory [Host]
2024-08-02 14:56:42.936  INFO 5520 --- [main] o.s.c.g.r.RouteDefinitionRouteLocator    : Loaded RoutePredicateFactory [Method]
2024-08-02 14:56:42.936  INFO 5520 --- [main] o.s.c.g.r.RouteDefinitionRouteLocator    : Loaded RoutePredicateFactory [Path]
2024-08-02 14:56:42.936  INFO 5520 --- [main] o.s.c.g.r.RouteDefinitionRouteLocator    : Loaded RoutePredicateFactory [Query]
2024-08-02 14:56:42.936  INFO 5520 --- [main] o.s.c.g.r.RouteDefinitionRouteLocator    : Loaded RoutePredicateFactory [ReadBody]
2024-08-02 14:56:42.936  INFO 5520 --- [main] o.s.c.g.r.RouteDefinitionRouteLocator    : Loaded RoutePredicateFactory [RemoteAddr]
2024-08-02 14:56:42.936  INFO 5520 --- [main] o.s.c.g.r.RouteDefinitionRouteLocator    : Loaded RoutePredicateFactory [XForwardedRemoteAddr]
2024-08-02 14:56:42.936  INFO 5520 --- [main] o.s.c.g.r.RouteDefinitionRouteLocator    : Loaded RoutePredicateFactory [Weight]
2024-08-02 14:56:42.936  INFO 5520 --- [main] o.s.c.g.r.RouteDefinitionRouteLocator    : Loaded RoutePredicateFactory [CloudFoundryRouteService]
2024-08-02 14:56:43.581  WARN 5520 --- [main] iguration$LoadBalancerCaffeineWarnLogger : Spring Cloud LoadBalancer is currently working with the default cache. While this cache implementation is useful for development and tests, it's recommended to use Caffeine cache in production.You can switch to using Caffeine cache, by adding it and org.springframework.cache.caffeine.CaffeineCacheManager to the classpath.
2024-08-02 14:56:44.169  INFO 5520 --- [main] o.s.b.web.embedded.netty.NettyWebServer  : Netty started on port 8020
2024-08-02 14:56:45.097  INFO 5520 --- [main] c.a.c.n.registry.NacosServiceRegistry    : nacos registry, DEFAULT_GROUP lamp-service 192.168.80.1:8020 register finished
2024-08-02 14:56:45.116  INFO 5520 --- [main] com.cloud.gateway.GatewayApplication     : Started GatewayApplication in 6.451 seconds (JVM running for 7.335)
