2023-06-10 16:09:24.476 ERROR 34260 --- [main] c.a.c.n.c.NacosPropertySourceBuilder     : get data from Nacos error,dataId:shared-${spring.profiles.active}.yaml 

com.alibaba.nacos.api.exception.NacosException: dataId invalid
	at com.alibaba.nacos.client.config.utils.ParamUtils.checkKeyParam(ParamUtils.java:90) ~[nacos-client-1.4.2.jar:na]
	at com.alibaba.nacos.client.config.NacosConfigService.getConfigInner(NacosConfigService.java:138) ~[nacos-client-1.4.2.jar:na]
	at com.alibaba.nacos.client.config.NacosConfigService.getConfig(NacosConfigService.java:100) ~[nacos-client-1.4.2.jar:na]
	at com.alibaba.cloud.nacos.client.NacosPropertySourceBuilder.loadNacosData(NacosPropertySourceBuilder.java:85) [spring-cloud-starter-alibaba-nacos-config-2021.0.1.0.jar:2021.0.1.0]
	at com.alibaba.cloud.nacos.client.NacosPropertySourceBuilder.build(NacosPropertySourceBuilder.java:73) [spring-cloud-starter-alibaba-nacos-config-2021.0.1.0.jar:2021.0.1.0]
	at com.alibaba.cloud.nacos.client.NacosPropertySourceLocator.loadNacosPropertySource(NacosPropertySourceLocator.java:199) [spring-cloud-starter-alibaba-nacos-config-2021.0.1.0.jar:2021.0.1.0]
	at com.alibaba.cloud.nacos.client.NacosPropertySourceLocator.loadNacosDataIfPresent(NacosPropertySourceLocator.java:186) [spring-cloud-starter-alibaba-nacos-config-2021.0.1.0.jar:2021.0.1.0]
	at com.alibaba.cloud.nacos.client.NacosPropertySourceLocator.loadNacosConfiguration(NacosPropertySourceLocator.java:158) [spring-cloud-starter-alibaba-nacos-config-2021.0.1.0.jar:2021.0.1.0]
	at com.alibaba.cloud.nacos.client.NacosPropertySourceLocator.loadSharedConfiguration(NacosPropertySourceLocator.java:116) [spring-cloud-starter-alibaba-nacos-config-2021.0.1.0.jar:2021.0.1.0]
	at com.alibaba.cloud.nacos.client.NacosPropertySourceLocator.locate(NacosPropertySourceLocator.java:101) [spring-cloud-starter-alibaba-nacos-config-2021.0.1.0.jar:2021.0.1.0]
	at org.springframework.cloud.bootstrap.config.PropertySourceLocator.locateCollection(PropertySourceLocator.java:51) [spring-cloud-context-3.1.3.jar:3.1.3]
	at org.springframework.cloud.bootstrap.config.PropertySourceLocator.locateCollection(PropertySourceLocator.java:47) [spring-cloud-context-3.1.3.jar:3.1.3]
	at org.springframework.cloud.bootstrap.config.PropertySourceBootstrapConfiguration.initialize(PropertySourceBootstrapConfiguration.java:95) [spring-cloud-context-3.1.3.jar:3.1.3]
	at org.springframework.boot.SpringApplication.applyInitializers(SpringApplication.java:604) [spring-boot-2.7.8.jar:2.7.8]
	at org.springframework.boot.SpringApplication.prepareContext(SpringApplication.java:373) [spring-boot-2.7.8.jar:2.7.8]
	at org.springframework.boot.SpringApplication.run(SpringApplication.java:306) [spring-boot-2.7.8.jar:2.7.8]
	at org.springframework.boot.SpringApplication.run(SpringApplication.java:1303) [spring-boot-2.7.8.jar:2.7.8]
	at org.springframework.boot.SpringApplication.run(SpringApplication.java:1292) [spring-boot-2.7.8.jar:2.7.8]
	at com.iot.param.ParamApplication.main(ParamApplication.java:13) [classes/:na]

2023-06-10 16:09:24.532  WARN 34260 --- [main] c.a.c.n.c.NacosPropertySourceBuilder     : Ignore the empty nacos configuration and get it based on dataId[iot-param-service] & group[DEFAULT_GROUP]
2023-06-10 16:09:24.542  WARN 34260 --- [main] c.a.c.n.c.NacosPropertySourceBuilder     : Ignore the empty nacos configuration and get it based on dataId[iot-param-service.yaml] & group[DEFAULT_GROUP]
2023-06-10 16:09:24.542  INFO 34260 --- [main] b.c.PropertySourceBootstrapConfiguration : Located property source: [BootstrapPropertySource {name='bootstrapProperties-iot-param-service.yaml,DEFAULT_GROUP'}, BootstrapPropertySource {name='bootstrapProperties-iot-param-service,DEFAULT_GROUP'}, BootstrapPropertySource {name='bootstrapProperties-shared-${spring.profiles.active}.yaml,DEFAULT_GROUP'}]
2023-06-10 16:09:24.550  INFO 34260 --- [main] com.iot.param.ParamApplication           : No active profile set, falling back to 1 default profile: "default"
2023-06-10 16:09:24.904  INFO 34260 --- [main] .s.d.r.c.RepositoryConfigurationDelegate : Multiple Spring Data modules found, entering strict repository configuration mode
2023-06-10 16:09:24.906  INFO 34260 --- [main] .s.d.r.c.RepositoryConfigurationDelegate : Bootstrapping Spring Data Redis repositories in DEFAULT mode.
2023-06-10 16:09:24.916  INFO 34260 --- [main] .s.d.r.c.RepositoryConfigurationDelegate : Finished Spring Data repository scanning in 3 ms. Found 0 Redis repository interfaces.
2023-06-10 16:09:25.059  INFO 34260 --- [main] faultConfiguringBeanFactoryPostProcessor : No bean named 'errorChannel' has been explicitly defined. Therefore, a default PublishSubscribeChannel will be created.
2023-06-10 16:09:25.066  INFO 34260 --- [main] faultConfiguringBeanFactoryPostProcessor : No bean named 'integrationHeaderChannelRegistry' has been explicitly defined. Therefore, a default DefaultHeaderChannelRegistry will be created.
2023-06-10 16:09:25.110  INFO 34260 --- [main] o.s.cloud.context.scope.GenericScope     : BeanFactory id=01e667e2-053d-362b-90db-c493e7741279
2023-06-10 16:09:25.438  INFO 34260 --- [main] o.s.b.w.embedded.tomcat.TomcatWebServer  : Tomcat initialized with port(s): 30060 (http)
2023-06-10 16:09:25.442  INFO 34260 --- [main] o.apache.catalina.core.StandardService   : Starting service [Tomcat]
2023-06-10 16:09:25.442  INFO 34260 --- [main] org.apache.catalina.core.StandardEngine  : Starting Servlet engine: [Apache Tomcat/9.0.71]
2023-06-10 16:09:25.490  INFO 34260 --- [main] o.a.c.c.C.[Tomcat].[localhost].[/]       : Initializing Spring embedded WebApplicationContext
2023-06-10 16:09:25.490  INFO 34260 --- [main] w.s.c.ServletWebServerApplicationContext : Root WebApplicationContext: initialization completed in 930 ms
2023-06-10 16:09:25.879  INFO 34260 --- [main] o.s.c.openfeign.FeignClientFactoryBean   : For 'iot-lamp-service' URL not provided. Will try picking an instance via load-balancing.
2023-06-10 16:09:27.248  INFO 34260 --- [main] o.s.i.endpoint.EventDrivenConsumer       : Adding {logging-channel-adapter:_org.springframework.integration.errorLogger} as a subscriber to the 'errorChannel' channel
2023-06-10 16:09:27.248  INFO 34260 --- [main] o.s.i.channel.PublishSubscribeChannel    : Channel 'iot-param-service-1.errorChannel' has 1 subscriber(s).
2023-06-10 16:09:27.248  INFO 34260 --- [main] o.s.i.endpoint.EventDrivenConsumer       : started bean '_org.springframework.integration.errorLogger'
2023-06-10 16:09:27.250  INFO 34260 --- [main] com.alibaba.nacos.client.naming          : initializer namespace from System Property :null
2023-06-10 16:09:27.250  INFO 34260 --- [main] com.alibaba.nacos.client.naming          : initializer namespace from System Environment :null
2023-06-10 16:09:27.250  INFO 34260 --- [main] com.alibaba.nacos.client.naming          : initializer namespace from System Property :null
2023-06-10 16:09:27.357  INFO 34260 --- [main] o.s.b.w.embedded.tomcat.TomcatWebServer  : Tomcat started on port(s): 30060 (http) with context path ''
2023-06-10 16:09:27.362  INFO 34260 --- [main] com.alibaba.nacos.client.naming          : [BEAT] adding beat: BeatInfo{port=30060, ip='10.131.1.28', weight=1.0, serviceName='DEFAULT_GROUP@@iot-param-service', cluster='DEFAULT', metadata={preserved.register.source=SPRING_CLOUD}, scheduled=false, period=5000, stopped=false} to beat map.
2023-06-10 16:09:27.364  INFO 34260 --- [main] com.alibaba.nacos.client.naming          : [REGISTER-SERVICE] public registering service DEFAULT_GROUP@@iot-param-service with instance: Instance{instanceId='null', ip='10.131.1.28', port=30060, weight=1.0, healthy=true, enabled=true, ephemeral=true, clusterName='DEFAULT', serviceName='null', metadata={preserved.register.source=SPRING_CLOUD}}
2023-06-10 16:09:27.380  INFO 34260 --- [main] c.a.c.n.registry.NacosServiceRegistry    : nacos registry, DEFAULT_GROUP iot-param-service 10.131.1.28:30060 register finished
2023-06-10 16:09:27.393  INFO 34260 --- [main] com.iot.param.ParamApplication           : Started ParamApplication in 3.527 seconds (JVM running for 3.893)
2023-06-10 16:09:27.395  INFO 34260 --- [main] c.a.n.client.config.impl.ClientWorker    : [fixed-119.45.119.119_18848] [subscribe] iot-param-service+DEFAULT_GROUP
2023-06-10 16:09:27.396  INFO 34260 --- [main] c.a.nacos.client.config.impl.CacheData   : [fixed-119.45.119.119_18848] [add-listener] ok, tenant=, dataId=iot-param-service, group=DEFAULT_GROUP, cnt=1
2023-06-10 16:09:27.396  INFO 34260 --- [main] c.a.c.n.refresh.NacosContextRefresher    : listening config: dataId=iot-param-service, group=DEFAULT_GROUP
2023-06-10 16:09:27.396  INFO 34260 --- [main] c.a.n.client.config.impl.ClientWorker    : [fixed-119.45.119.119_18848] [subscribe] iot-param-service.yaml+DEFAULT_GROUP
2023-06-10 16:09:27.396  INFO 34260 --- [main] c.a.nacos.client.config.impl.CacheData   : [fixed-119.45.119.119_18848] [add-listener] ok, tenant=, dataId=iot-param-service.yaml, group=DEFAULT_GROUP, cnt=1
2023-06-10 16:09:27.396  INFO 34260 --- [main] c.a.c.n.refresh.NacosContextRefresher    : listening config: dataId=iot-param-service.yaml, group=DEFAULT_GROUP
2023-06-10 16:09:28.364  INFO 34260 --- [com.alibaba.nacos.client.naming.updater] com.alibaba.nacos.client.naming          : new ips(1) service: DEFAULT_GROUP@@iot-param-service@@DEFAULT -> [{"instanceId":"10.131.1.28#30060#DEFAULT#DEFAULT_GROUP@@iot-param-service","ip":"10.131.1.28","port":30060,"weight":1.0,"healthy":true,"enabled":true,"ephemeral":true,"clusterName":"DEFAULT","serviceName":"DEFAULT_GROUP@@iot-param-service","metadata":{"preserved.register.source":"SPRING_CLOUD"},"ipDeleteTimeout":30000,"instanceHeartBeatInterval":5000,"instanceHeartBeatTimeOut":15000}]
2023-06-10 16:09:28.368  INFO 34260 --- [com.alibaba.nacos.client.naming.updater] com.alibaba.nacos.client.naming          : current ips:(1) service: DEFAULT_GROUP@@iot-param-service@@DEFAULT -> [{"instanceId":"10.131.1.28#30060#DEFAULT#DEFAULT_GROUP@@iot-param-service","ip":"10.131.1.28","port":30060,"weight":1.0,"healthy":true,"enabled":true,"ephemeral":true,"clusterName":"DEFAULT","serviceName":"DEFAULT_GROUP@@iot-param-service","metadata":{"preserved.register.source":"SPRING_CLOUD"},"ipDeleteTimeout":30000,"instanceHeartBeatInterval":5000,"instanceHeartBeatTimeOut":15000}]
2023-06-10 16:16:43.989  WARN 34260 --- [Thread-25] c.a.nacos.common.notify.NotifyCenter     : [NotifyCenter] Start destroying Publisher
2023-06-10 16:16:43.988  WARN 34260 --- [Thread-2] c.a.n.common.http.HttpClientBeanHolder   : [HttpClientBeanHolder] Start destroying common HttpClient
2023-06-10 16:16:43.990  WARN 34260 --- [Thread-25] c.a.nacos.common.notify.NotifyCenter     : [NotifyCenter] Destruction of the end
2023-06-10 16:16:43.990  WARN 34260 --- [Thread-2] c.a.n.common.http.HttpClientBeanHolder   : [HttpClientBeanHolder] Destruction of the end
2023-06-10 16:16:45.006  INFO 34260 --- [SpringApplicationShutdownHook] o.s.i.endpoint.EventDrivenConsumer       : Removing {logging-channel-adapter:_org.springframework.integration.errorLogger} as a subscriber to the 'errorChannel' channel
2023-06-10 16:16:45.007  INFO 34260 --- [SpringApplicationShutdownHook] o.s.i.channel.PublishSubscribeChannel    : Channel 'iot-param-service-1.errorChannel' has 0 subscriber(s).
2023-06-10 16:16:45.007  INFO 34260 --- [SpringApplicationShutdownHook] o.s.i.endpoint.EventDrivenConsumer       : stopped bean '_org.springframework.integration.errorLogger'
2023-06-10 16:16:45.008  INFO 34260 --- [SpringApplicationShutdownHook] c.a.c.n.registry.NacosServiceRegistry    : De-registering from Nacos Server now...
2023-06-10 16:16:45.008  INFO 34260 --- [SpringApplicationShutdownHook] com.alibaba.nacos.client.naming          : [BEAT] removing beat: DEFAULT_GROUP@@iot-param-service:10.131.1.28:30060 from beat map.
2023-06-10 16:16:45.008  INFO 34260 --- [SpringApplicationShutdownHook] com.alibaba.nacos.client.naming          : [DEREGISTER-SERVICE] public deregistering service DEFAULT_GROUP@@iot-param-service with instance: Instance{instanceId='null', ip='10.131.1.28', port=30060, weight=1.0, healthy=true, enabled=true, ephemeral=true, clusterName='DEFAULT', serviceName='null', metadata={}}
2023-06-10 16:16:45.033  INFO 34260 --- [SpringApplicationShutdownHook] c.a.c.n.registry.NacosServiceRegistry    : De-registration finished.
2023-06-10 16:16:45.033  INFO 34260 --- [SpringApplicationShutdownHook] com.alibaba.nacos.client.naming          : com.alibaba.nacos.client.naming.beat.BeatReactor do shutdown begin
2023-06-10 16:16:48.042  INFO 34260 --- [SpringApplicationShutdownHook] com.alibaba.nacos.client.naming          : com.alibaba.nacos.client.naming.beat.BeatReactor do shutdown stop
2023-06-10 16:16:48.043  INFO 34260 --- [SpringApplicationShutdownHook] com.alibaba.nacos.client.naming          : com.alibaba.nacos.client.naming.core.HostReactor do shutdown begin
2023-06-10 16:16:49.478  INFO 34260 --- [com.alibaba.nacos.client.naming.updater] com.alibaba.nacos.client.naming          : removed ips(1) service: DEFAULT_GROUP@@iot-param-service@@DEFAULT -> [{"instanceId":"10.131.1.28#30060#DEFAULT#DEFAULT_GROUP@@iot-param-service","ip":"10.131.1.28","port":30060,"weight":1.0,"healthy":true,"enabled":true,"ephemeral":true,"clusterName":"DEFAULT","serviceName":"DEFAULT_GROUP@@iot-param-service","metadata":{"preserved.register.source":"SPRING_CLOUD"},"ipDeleteTimeout":30000,"instanceHeartBeatInterval":5000,"instanceHeartBeatTimeOut":15000}]
2023-06-10 16:16:49.482  INFO 34260 --- [com.alibaba.nacos.client.naming.updater] com.alibaba.nacos.client.naming          : current ips:(0) service: DEFAULT_GROUP@@iot-param-service@@DEFAULT -> []
2023-06-10 16:16:49.484  INFO 34260 --- [SpringApplicationShutdownHook] com.alibaba.nacos.client.naming          : com.alibaba.nacos.client.naming.core.PushReceiver do shutdown begin
2023-06-10 16:16:52.493  INFO 34260 --- [SpringApplicationShutdownHook] com.alibaba.nacos.client.naming          : com.alibaba.nacos.client.naming.core.PushReceiver do shutdown stop
2023-06-10 16:16:52.494  INFO 34260 --- [SpringApplicationShutdownHook] com.alibaba.nacos.client.naming          : com.alibaba.nacos.client.naming.backups.FailoverReactor do shutdown begin
2023-06-10 16:16:52.494  INFO 34260 --- [SpringApplicationShutdownHook] com.alibaba.nacos.client.naming          : com.alibaba.nacos.client.naming.backups.FailoverReactor do shutdown stop
2023-06-10 16:16:52.494  INFO 34260 --- [SpringApplicationShutdownHook] com.alibaba.nacos.client.naming          : com.alibaba.nacos.client.naming.core.HostReactor do shutdown stop
2023-06-10 16:16:52.494  INFO 34260 --- [SpringApplicationShutdownHook] com.alibaba.nacos.client.naming          : com.alibaba.nacos.client.naming.net.NamingProxy do shutdown begin
2023-06-10 16:16:52.494  WARN 34260 --- [SpringApplicationShutdownHook] com.alibaba.nacos.client.naming          : [NamingHttpClientManager] Start destroying NacosRestTemplate
2023-06-10 16:16:52.494  WARN 34260 --- [SpringApplicationShutdownHook] com.alibaba.nacos.client.naming          : [NamingHttpClientManager] Destruction of the end
2023-06-10 16:16:52.494  INFO 34260 --- [SpringApplicationShutdownHook] c.a.n.client.identify.CredentialWatcher  : [null] CredentialWatcher is stopped
2023-06-10 16:16:52.494  INFO 34260 --- [SpringApplicationShutdownHook] c.a.n.client.identify.CredentialService  : [null] CredentialService is freed
2023-06-10 16:16:52.494  INFO 34260 --- [SpringApplicationShutdownHook] com.alibaba.nacos.client.naming          : com.alibaba.nacos.client.naming.net.NamingProxy do shutdown stop
2023-06-10 16:16:52.497  WARN 34260 --- [SpringApplicationShutdownHook] o.s.b.f.support.DisposableBeanAdapter    : Invocation of close method failed on bean with name 'mqttClient': 已连接客户机 (32100)
2023-06-10 16:16:52.499  INFO 34260 --- [SpringApplicationShutdownHook] com.alibaba.druid.pool.DruidDataSource   : {dataSource-0} closing ...
