2024-08-02 15:45:49.482  INFO 25056 --- [main] com.iot.device.DeviceApplication         : The following 1 profile is active: "dev"
2024-08-02 15:45:49.961  INFO 25056 --- [main] .s.d.r.c.RepositoryConfigurationDelegate : Multiple Spring Data modules found, entering strict repository configuration mode
2024-08-02 15:45:49.963  INFO 25056 --- [main] .s.d.r.c.RepositoryConfigurationDelegate : Bootstrapping Spring Data Redis repositories in DEFAULT mode.
2024-08-02 15:45:49.981  INFO 25056 --- [main] .s.d.r.c.RepositoryConfigurationDelegate : Finished Spring Data repository scanning in 5 ms. Found 0 Redis repository interfaces.
2024-08-02 15:45:50.162  INFO 25056 --- [main] o.s.cloud.context.scope.GenericScope     : BeanFactory id=9c5b23e8-f0a2-353f-a547-d7a68b0fe6b6
2024-08-02 15:45:50.597  INFO 25056 --- [main] o.s.b.w.embedded.tomcat.TomcatWebServer  : Tomcat initialized with port(s): 8020 (http)
2024-08-02 15:45:50.598  INFO 25056 --- [main] o.a.catalina.core.AprLifecycleListener   : Loaded Apache Tomcat Native library [1.2.30] using APR version [1.7.0].
2024-08-02 15:45:50.598  INFO 25056 --- [main] o.a.catalina.core.AprLifecycleListener   : APR capabilities: IPv6 [true], sendfile [true], accept filters [false], random [true], UDS [true].
2024-08-02 15:45:50.598  INFO 25056 --- [main] o.a.catalina.core.AprLifecycleListener   : APR/OpenSSL configuration: useAprConnector [false], useOpenSSL [true]
2024-08-02 15:45:50.602  INFO 25056 --- [main] o.a.catalina.core.AprLifecycleListener   : OpenSSL successfully initialized [OpenSSL 1.1.1k  25 Mar 2021]
2024-08-02 15:45:50.611  INFO 25056 --- [main] o.apache.catalina.core.StandardService   : Starting service [Tomcat]
2024-08-02 15:45:50.611  INFO 25056 --- [main] org.apache.catalina.core.StandardEngine  : Starting Servlet engine: [Apache Tomcat/9.0.71]
2024-08-02 15:45:50.805  INFO 25056 --- [main] o.a.c.c.C.[Tomcat].[localhost].[/]       : Initializing Spring embedded WebApplicationContext
2024-08-02 15:45:50.806  INFO 25056 --- [main] w.s.c.ServletWebServerApplicationContext : Root WebApplicationContext: initialization completed in 1298 ms
2024-08-02 15:45:51.004  WARN 25056 --- [main] ConfigServletWebServerApplicationContext : Exception encountered during context initialization - cancelling refresh attempt: org.springframework.beans.factory.UnsatisfiedDependencyException: Error creating bean with name 'remoteDeviceController': Unsatisfied dependency expressed through field 'deviceMapper'; nested exception is org.springframework.beans.factory.NoSuchBeanDefinitionException: No qualifying bean of type 'com.iot.device.mapper.DeviceMapper' available: expected at least 1 bean which qualifies as autowire candidate. Dependency annotations: {@org.springframework.beans.factory.annotation.Autowired(required=true)}
2024-08-02 15:45:51.005  INFO 25056 --- [main] o.apache.catalina.core.StandardService   : Stopping service [Tomcat]
2024-08-02 15:45:51.024  INFO 25056 --- [main] ConditionEvaluationReportLoggingListener : 

Error starting ApplicationContext. To display the conditions report re-run your application with 'debug' enabled.
2024-08-02 15:45:51.043 ERROR 25056 --- [main] o.s.b.d.LoggingFailureAnalysisReporter   : 

***************************
APPLICATION FAILED TO START
***************************

Description:

Field deviceMapper in com.iot.device.controller.RemoteDeviceController required a bean of type 'com.iot.device.mapper.DeviceMapper' that could not be found.

The injection point has the following annotations:
	- @org.springframework.beans.factory.annotation.Autowired(required=true)


Action:

Consider defining a bean of type 'com.iot.device.mapper.DeviceMapper' in your configuration.

2024-08-02 15:47:00.031  INFO 10868 --- [main] com.iot.device.DeviceApplication         : The following 1 profile is active: "dev"
2024-08-02 15:47:00.492  INFO 10868 --- [main] .s.d.r.c.RepositoryConfigurationDelegate : Multiple Spring Data modules found, entering strict repository configuration mode
2024-08-02 15:47:00.493  INFO 10868 --- [main] .s.d.r.c.RepositoryConfigurationDelegate : Bootstrapping Spring Data Redis repositories in DEFAULT mode.
2024-08-02 15:47:00.512  INFO 10868 --- [main] .s.d.r.c.RepositoryConfigurationDelegate : Finished Spring Data repository scanning in 5 ms. Found 0 Redis repository interfaces.
2024-08-02 15:47:00.694  INFO 10868 --- [main] o.s.cloud.context.scope.GenericScope     : BeanFactory id=2e01bca5-619c-3fa4-ad75-e3b5c8670a6e
2024-08-02 15:47:01.120  INFO 10868 --- [main] o.s.b.w.embedded.tomcat.TomcatWebServer  : Tomcat initialized with port(s): 8020 (http)
2024-08-02 15:47:01.122  INFO 10868 --- [main] o.a.catalina.core.AprLifecycleListener   : Loaded Apache Tomcat Native library [1.2.30] using APR version [1.7.0].
2024-08-02 15:47:01.122  INFO 10868 --- [main] o.a.catalina.core.AprLifecycleListener   : APR capabilities: IPv6 [true], sendfile [true], accept filters [false], random [true], UDS [true].
2024-08-02 15:47:01.122  INFO 10868 --- [main] o.a.catalina.core.AprLifecycleListener   : APR/OpenSSL configuration: useAprConnector [false], useOpenSSL [true]
2024-08-02 15:47:01.125  INFO 10868 --- [main] o.a.catalina.core.AprLifecycleListener   : OpenSSL successfully initialized [OpenSSL 1.1.1k  25 Mar 2021]
2024-08-02 15:47:01.135  INFO 10868 --- [main] o.apache.catalina.core.StandardService   : Starting service [Tomcat]
2024-08-02 15:47:01.135  INFO 10868 --- [main] org.apache.catalina.core.StandardEngine  : Starting Servlet engine: [Apache Tomcat/9.0.71]
2024-08-02 15:47:01.324  INFO 10868 --- [main] o.a.c.c.C.[Tomcat].[localhost].[/]       : Initializing Spring embedded WebApplicationContext
2024-08-02 15:47:01.325  INFO 10868 --- [main] w.s.c.ServletWebServerApplicationContext : Root WebApplicationContext: initialization completed in 1278 ms
2024-08-02 15:47:01.928  INFO 10868 --- [main] o.s.c.openfeign.FeignClientFactoryBean   : For 'iot-lamp-service' URL not provided. Will try picking an instance via load-balancing.
2024-08-02 15:47:02.478  INFO 10868 --- [main] o.s.c.openfeign.FeignClientFactoryBean   : For 'iot-gateway-service' URL not provided. Will try picking an instance via load-balancing.
2024-08-02 15:47:04.528  WARN 10868 --- [main] iguration$LoadBalancerCaffeineWarnLogger : Spring Cloud LoadBalancer is currently working with the default cache. While this cache implementation is useful for development and tests, it's recommended to use Caffeine cache in production.You can switch to using Caffeine cache, by adding it and org.springframework.cache.caffeine.CaffeineCacheManager to the classpath.
2024-08-02 15:47:11.020  WARN 10868 --- [main] ConfigServletWebServerApplicationContext : Exception encountered during context initialization - cancelling refresh attempt: org.springframework.context.ApplicationContextException: Failed to start bean 'webServerStartStop'; nested exception is org.springframework.boot.web.server.PortInUseException: Port 8020 is already in use
2024-08-02 15:47:17.059  INFO 10868 --- [main] com.alibaba.druid.pool.DruidDataSource   : {dataSource-0} closing ...
2024-08-02 15:47:17.060  INFO 10868 --- [main] o.apache.catalina.core.StandardService   : Stopping service [Tomcat]
2024-08-02 15:47:17.076  INFO 10868 --- [main] ConditionEvaluationReportLoggingListener : 

Error starting ApplicationContext. To display the conditions report re-run your application with 'debug' enabled.
2024-08-02 15:47:17.097 ERROR 10868 --- [main] o.s.b.d.LoggingFailureAnalysisReporter   : 

***************************
APPLICATION FAILED TO START
***************************

Description:

Web server failed to start. Port 8020 was already in use.

Action:

Identify and stop the process that's listening on port 8020 or configure this application to listen on another port.

2024-08-02 15:47:17.099  WARN 10868 --- [Thread-22] c.a.nacos.common.notify.NotifyCenter     : [NotifyCenter] Start destroying Publisher
2024-08-02 15:47:17.099  WARN 10868 --- [Thread-16] c.a.n.common.http.HttpClientBeanHolder   : [HttpClientBeanHolder] Start destroying common HttpClient
2024-08-02 15:47:17.099  WARN 10868 --- [Thread-22] c.a.nacos.common.notify.NotifyCenter     : [NotifyCenter] Destruction of the end
2024-08-02 15:49:36.162  INFO 156 --- [main] com.iot.device.DeviceApplication         : The following 1 profile is active: "dev"
2024-08-02 15:49:36.608  INFO 156 --- [main] .s.d.r.c.RepositoryConfigurationDelegate : Multiple Spring Data modules found, entering strict repository configuration mode
2024-08-02 15:49:36.610  INFO 156 --- [main] .s.d.r.c.RepositoryConfigurationDelegate : Bootstrapping Spring Data Redis repositories in DEFAULT mode.
2024-08-02 15:49:36.628  INFO 156 --- [main] .s.d.r.c.RepositoryConfigurationDelegate : Finished Spring Data repository scanning in 5 ms. Found 0 Redis repository interfaces.
2024-08-02 15:49:36.806  INFO 156 --- [main] o.s.cloud.context.scope.GenericScope     : BeanFactory id=2e01bca5-619c-3fa4-ad75-e3b5c8670a6e
2024-08-02 15:49:37.218  INFO 156 --- [main] o.s.b.w.embedded.tomcat.TomcatWebServer  : Tomcat initialized with port(s): 8020 (http)
2024-08-02 15:49:37.219  INFO 156 --- [main] o.a.catalina.core.AprLifecycleListener   : Loaded Apache Tomcat Native library [1.2.30] using APR version [1.7.0].
2024-08-02 15:49:37.219  INFO 156 --- [main] o.a.catalina.core.AprLifecycleListener   : APR capabilities: IPv6 [true], sendfile [true], accept filters [false], random [true], UDS [true].
2024-08-02 15:49:37.219  INFO 156 --- [main] o.a.catalina.core.AprLifecycleListener   : APR/OpenSSL configuration: useAprConnector [false], useOpenSSL [true]
2024-08-02 15:49:37.221  INFO 156 --- [main] o.a.catalina.core.AprLifecycleListener   : OpenSSL successfully initialized [OpenSSL 1.1.1k  25 Mar 2021]
2024-08-02 15:49:37.231  INFO 156 --- [main] o.apache.catalina.core.StandardService   : Starting service [Tomcat]
2024-08-02 15:49:37.231  INFO 156 --- [main] org.apache.catalina.core.StandardEngine  : Starting Servlet engine: [Apache Tomcat/9.0.71]
2024-08-02 15:49:37.404  INFO 156 --- [main] o.a.c.c.C.[Tomcat].[localhost].[/]       : Initializing Spring embedded WebApplicationContext
2024-08-02 15:49:37.405  INFO 156 --- [main] w.s.c.ServletWebServerApplicationContext : Root WebApplicationContext: initialization completed in 1228 ms
2024-08-02 15:49:37.990  INFO 156 --- [main] o.s.c.openfeign.FeignClientFactoryBean   : For 'iot-lamp-service' URL not provided. Will try picking an instance via load-balancing.
2024-08-02 15:49:38.477  INFO 156 --- [main] o.s.c.openfeign.FeignClientFactoryBean   : For 'iot-gateway-service' URL not provided. Will try picking an instance via load-balancing.
2024-08-02 15:49:40.092  WARN 156 --- [main] iguration$LoadBalancerCaffeineWarnLogger : Spring Cloud LoadBalancer is currently working with the default cache. While this cache implementation is useful for development and tests, it's recommended to use Caffeine cache in production.You can switch to using Caffeine cache, by adding it and org.springframework.cache.caffeine.CaffeineCacheManager to the classpath.
2024-08-02 15:49:46.570  WARN 156 --- [main] ConfigServletWebServerApplicationContext : Exception encountered during context initialization - cancelling refresh attempt: org.springframework.context.ApplicationContextException: Failed to start bean 'webServerStartStop'; nested exception is org.springframework.boot.web.server.PortInUseException: Port 8020 is already in use
2024-08-02 15:49:52.618  INFO 156 --- [main] com.alibaba.druid.pool.DruidDataSource   : {dataSource-0} closing ...
2024-08-02 15:49:52.619  INFO 156 --- [main] o.apache.catalina.core.StandardService   : Stopping service [Tomcat]
2024-08-02 15:49:52.640  INFO 156 --- [main] ConditionEvaluationReportLoggingListener : 

Error starting ApplicationContext. To display the conditions report re-run your application with 'debug' enabled.
2024-08-02 15:49:52.659 ERROR 156 --- [main] o.s.b.d.LoggingFailureAnalysisReporter   : 

***************************
APPLICATION FAILED TO START
***************************

Description:

Web server failed to start. Port 8020 was already in use.

Action:

Identify and stop the process that's listening on port 8020 or configure this application to listen on another port.

2024-08-02 15:49:52.662  WARN 156 --- [Thread-17] c.a.n.common.http.HttpClientBeanHolder   : [HttpClientBeanHolder] Start destroying common HttpClient
2024-08-02 15:49:52.662  WARN 156 --- [Thread-23] c.a.nacos.common.notify.NotifyCenter     : [NotifyCenter] Start destroying Publisher
2024-08-02 15:49:52.662  WARN 156 --- [Thread-23] c.a.nacos.common.notify.NotifyCenter     : [NotifyCenter] Destruction of the end
2024-08-02 15:50:21.779  INFO 22764 --- [main] com.iot.device.DeviceApplication         : The following 1 profile is active: "dev"
2024-08-02 15:50:22.238  INFO 22764 --- [main] .s.d.r.c.RepositoryConfigurationDelegate : Multiple Spring Data modules found, entering strict repository configuration mode
2024-08-02 15:50:22.240  INFO 22764 --- [main] .s.d.r.c.RepositoryConfigurationDelegate : Bootstrapping Spring Data Redis repositories in DEFAULT mode.
2024-08-02 15:50:22.257  INFO 22764 --- [main] .s.d.r.c.RepositoryConfigurationDelegate : Finished Spring Data repository scanning in 5 ms. Found 0 Redis repository interfaces.
2024-08-02 15:50:22.442  INFO 22764 --- [main] o.s.cloud.context.scope.GenericScope     : BeanFactory id=2e01bca5-619c-3fa4-ad75-e3b5c8670a6e
2024-08-02 15:50:22.916  INFO 22764 --- [main] o.s.b.w.embedded.tomcat.TomcatWebServer  : Tomcat initialized with port(s): 8050 (http)
2024-08-02 15:50:22.918  INFO 22764 --- [main] o.a.catalina.core.AprLifecycleListener   : Loaded Apache Tomcat Native library [1.2.30] using APR version [1.7.0].
2024-08-02 15:50:22.918  INFO 22764 --- [main] o.a.catalina.core.AprLifecycleListener   : APR capabilities: IPv6 [true], sendfile [true], accept filters [false], random [true], UDS [true].
2024-08-02 15:50:22.918  INFO 22764 --- [main] o.a.catalina.core.AprLifecycleListener   : APR/OpenSSL configuration: useAprConnector [false], useOpenSSL [true]
2024-08-02 15:50:22.921  INFO 22764 --- [main] o.a.catalina.core.AprLifecycleListener   : OpenSSL successfully initialized [OpenSSL 1.1.1k  25 Mar 2021]
2024-08-02 15:50:22.930  INFO 22764 --- [main] o.apache.catalina.core.StandardService   : Starting service [Tomcat]
2024-08-02 15:50:22.930  INFO 22764 --- [main] org.apache.catalina.core.StandardEngine  : Starting Servlet engine: [Apache Tomcat/9.0.71]
2024-08-02 15:50:23.142  INFO 22764 --- [main] o.a.c.c.C.[Tomcat].[localhost].[/]       : Initializing Spring embedded WebApplicationContext
2024-08-02 15:50:23.142  INFO 22764 --- [main] w.s.c.ServletWebServerApplicationContext : Root WebApplicationContext: initialization completed in 1348 ms
2024-08-02 15:50:23.781  INFO 22764 --- [main] o.s.c.openfeign.FeignClientFactoryBean   : For 'iot-lamp-service' URL not provided. Will try picking an instance via load-balancing.
2024-08-02 15:50:24.533  INFO 22764 --- [main] o.s.c.openfeign.FeignClientFactoryBean   : For 'iot-gateway-service' URL not provided. Will try picking an instance via load-balancing.
2024-08-02 15:50:26.089  WARN 22764 --- [main] iguration$LoadBalancerCaffeineWarnLogger : Spring Cloud LoadBalancer is currently working with the default cache. While this cache implementation is useful for development and tests, it's recommended to use Caffeine cache in production.You can switch to using Caffeine cache, by adding it and org.springframework.cache.caffeine.CaffeineCacheManager to the classpath.
2024-08-02 15:50:32.535  INFO 22764 --- [main] o.s.b.w.embedded.tomcat.TomcatWebServer  : Tomcat started on port(s): 8050 (http) with context path ''
2024-08-02 15:50:38.845 ERROR 22764 --- [main] c.a.c.n.registry.NacosServiceRegistry    : nacos registry, iot-device-service register failed...NacosRegistration{nacosDiscoveryProperties=NacosDiscoveryProperties{serverAddr='119.45.119.119:18848', username='', password='', endpoint='', namespace='', watchDelay=30000, logName='', service='iot-device-service', weight=1.0, clusterName='DEFAULT', group='DEFAULT_GROUP', namingLoadCacheAtStart='false', metadata={preserved.register.source=SPRING_CLOUD}, registerEnabled=true, ip='192.168.80.1', networkInterface='', port=8050, secure=false, accessKey='', secretKey='', heartBeatInterval=null, heartBeatTimeout=null, ipDeleteTimeout=null, instanceEnabled=true, ephemeral=true, failureToleranceEnabled=false}, ipDeleteTimeout=null, failFast=true}},

com.alibaba.nacos.api.exception.NacosException: failed to req API:/nacos/v1/ns/instance after all servers([119.45.119.119:18848]) tried: java.net.ConnectException: Connection refused: connect
	at com.alibaba.nacos.client.naming.net.NamingProxy.reqApi(NamingProxy.java:556) ~[nacos-client-1.4.2.jar:na]
	at com.alibaba.nacos.client.naming.net.NamingProxy.reqApi(NamingProxy.java:498) ~[nacos-client-1.4.2.jar:na]
	at com.alibaba.nacos.client.naming.net.NamingProxy.reqApi(NamingProxy.java:493) ~[nacos-client-1.4.2.jar:na]
	at com.alibaba.nacos.client.naming.net.NamingProxy.registerService(NamingProxy.java:246) ~[nacos-client-1.4.2.jar:na]
	at com.alibaba.nacos.client.naming.NacosNamingService.registerInstance(NacosNamingService.java:212) ~[nacos-client-1.4.2.jar:na]
	at com.alibaba.cloud.nacos.registry.NacosServiceRegistry.register(NacosServiceRegistry.java:74) ~[spring-cloud-starter-alibaba-nacos-discovery-2021.0.1.0.jar:2021.0.1.0]
	at org.springframework.cloud.client.serviceregistry.AbstractAutoServiceRegistration.register(AbstractAutoServiceRegistration.java:232) [spring-cloud-commons-3.1.3.jar:3.1.3]
	at com.alibaba.cloud.nacos.registry.NacosAutoServiceRegistration.register(NacosAutoServiceRegistration.java:78) [spring-cloud-starter-alibaba-nacos-discovery-2021.0.1.0.jar:2021.0.1.0]
	at org.springframework.cloud.client.serviceregistry.AbstractAutoServiceRegistration.start(AbstractAutoServiceRegistration.java:133) [spring-cloud-commons-3.1.3.jar:3.1.3]
	at org.springframework.cloud.client.serviceregistry.AbstractAutoServiceRegistration.bind(AbstractAutoServiceRegistration.java:98) [spring-cloud-commons-3.1.3.jar:3.1.3]
	at org.springframework.cloud.client.serviceregistry.AbstractAutoServiceRegistration.onApplicationEvent(AbstractAutoServiceRegistration.java:86) [spring-cloud-commons-3.1.3.jar:3.1.3]
	at org.springframework.cloud.client.serviceregistry.AbstractAutoServiceRegistration.onApplicationEvent(AbstractAutoServiceRegistration.java:47) [spring-cloud-commons-3.1.3.jar:3.1.3]
	at org.springframework.context.event.SimpleApplicationEventMulticaster.doInvokeListener(SimpleApplicationEventMulticaster.java:176) [spring-context-5.3.25.jar:5.3.25]
	at org.springframework.context.event.SimpleApplicationEventMulticaster.invokeListener(SimpleApplicationEventMulticaster.java:169) [spring-context-5.3.25.jar:5.3.25]
	at org.springframework.context.event.SimpleApplicationEventMulticaster.multicastEvent(SimpleApplicationEventMulticaster.java:143) [spring-context-5.3.25.jar:5.3.25]
	at org.springframework.context.support.AbstractApplicationContext.publishEvent(AbstractApplicationContext.java:421) [spring-context-5.3.25.jar:5.3.25]
	at org.springframework.context.support.AbstractApplicationContext.publishEvent(AbstractApplicationContext.java:378) [spring-context-5.3.25.jar:5.3.25]
	at org.springframework.boot.web.servlet.context.WebServerStartStopLifecycle.start(WebServerStartStopLifecycle.java:46) [spring-boot-2.7.8.jar:2.7.8]
	at org.springframework.context.support.DefaultLifecycleProcessor.doStart(DefaultLifecycleProcessor.java:178) [spring-context-5.3.25.jar:5.3.25]
	at org.springframework.context.support.DefaultLifecycleProcessor.access$200(DefaultLifecycleProcessor.java:54) [spring-context-5.3.25.jar:5.3.25]
	at org.springframework.context.support.DefaultLifecycleProcessor$LifecycleGroup.start(DefaultLifecycleProcessor.java:356) [spring-context-5.3.25.jar:5.3.25]
	at java.lang.Iterable.forEach(Iterable.java:75) ~[na:1.8.0_341]
	at org.springframework.context.support.DefaultLifecycleProcessor.startBeans(DefaultLifecycleProcessor.java:155) [spring-context-5.3.25.jar:5.3.25]
	at org.springframework.context.support.DefaultLifecycleProcessor.onRefresh(DefaultLifecycleProcessor.java:123) [spring-context-5.3.25.jar:5.3.25]
	at org.springframework.context.support.AbstractApplicationContext.finishRefresh(AbstractApplicationContext.java:935) [spring-context-5.3.25.jar:5.3.25]
	at org.springframework.context.support.AbstractApplicationContext.refresh(AbstractApplicationContext.java:586) [spring-context-5.3.25.jar:5.3.25]
	at org.springframework.boot.web.servlet.context.ServletWebServerApplicationContext.refresh(ServletWebServerApplicationContext.java:147) ~[spring-boot-2.7.8.jar:2.7.8]
	at org.springframework.boot.SpringApplication.refresh(SpringApplication.java:731) ~[spring-boot-2.7.8.jar:2.7.8]
	at org.springframework.boot.SpringApplication.refreshContext(SpringApplication.java:408) ~[spring-boot-2.7.8.jar:2.7.8]
	at org.springframework.boot.SpringApplication.run(SpringApplication.java:307) ~[spring-boot-2.7.8.jar:2.7.8]
	at org.springframework.boot.SpringApplication.run(SpringApplication.java:1303) ~[spring-boot-2.7.8.jar:2.7.8]
	at org.springframework.boot.SpringApplication.run(SpringApplication.java:1292) ~[spring-boot-2.7.8.jar:2.7.8]
	at com.iot.device.DeviceApplication.main(DeviceApplication.java:17) ~[classes/:na]

2024-08-02 15:50:38.846  WARN 22764 --- [main] ConfigServletWebServerApplicationContext : Exception encountered during context initialization - cancelling refresh attempt: org.springframework.context.ApplicationContextException: Failed to start bean 'webServerStartStop'; nested exception is java.lang.reflect.UndeclaredThrowableException
2024-08-02 15:50:47.902  INFO 22764 --- [main] com.alibaba.druid.pool.DruidDataSource   : {dataSource-0} closing ...
2024-08-02 15:50:48.185  INFO 22764 --- [main] o.apache.catalina.core.StandardService   : Stopping service [Tomcat]
2024-08-02 15:50:48.201  INFO 22764 --- [main] ConditionEvaluationReportLoggingListener : 

Error starting ApplicationContext. To display the conditions report re-run your application with 'debug' enabled.
2024-08-02 15:50:48.223 ERROR 22764 --- [main] o.s.boot.SpringApplication               : Application run failed

org.springframework.context.ApplicationContextException: Failed to start bean 'webServerStartStop'; nested exception is java.lang.reflect.UndeclaredThrowableException
	at org.springframework.context.support.DefaultLifecycleProcessor.doStart(DefaultLifecycleProcessor.java:181) ~[spring-context-5.3.25.jar:5.3.25]
	at org.springframework.context.support.DefaultLifecycleProcessor.access$200(DefaultLifecycleProcessor.java:54) ~[spring-context-5.3.25.jar:5.3.25]
	at org.springframework.context.support.DefaultLifecycleProcessor$LifecycleGroup.start(DefaultLifecycleProcessor.java:356) ~[spring-context-5.3.25.jar:5.3.25]
	at java.lang.Iterable.forEach(Iterable.java:75) ~[na:1.8.0_341]
	at org.springframework.context.support.DefaultLifecycleProcessor.startBeans(DefaultLifecycleProcessor.java:155) ~[spring-context-5.3.25.jar:5.3.25]
	at org.springframework.context.support.DefaultLifecycleProcessor.onRefresh(DefaultLifecycleProcessor.java:123) ~[spring-context-5.3.25.jar:5.3.25]
	at org.springframework.context.support.AbstractApplicationContext.finishRefresh(AbstractApplicationContext.java:935) ~[spring-context-5.3.25.jar:5.3.25]
	at org.springframework.context.support.AbstractApplicationContext.refresh(AbstractApplicationContext.java:586) ~[spring-context-5.3.25.jar:5.3.25]
	at org.springframework.boot.web.servlet.context.ServletWebServerApplicationContext.refresh(ServletWebServerApplicationContext.java:147) ~[spring-boot-2.7.8.jar:2.7.8]
	at org.springframework.boot.SpringApplication.refresh(SpringApplication.java:731) [spring-boot-2.7.8.jar:2.7.8]
	at org.springframework.boot.SpringApplication.refreshContext(SpringApplication.java:408) [spring-boot-2.7.8.jar:2.7.8]
	at org.springframework.boot.SpringApplication.run(SpringApplication.java:307) [spring-boot-2.7.8.jar:2.7.8]
	at org.springframework.boot.SpringApplication.run(SpringApplication.java:1303) [spring-boot-2.7.8.jar:2.7.8]
	at org.springframework.boot.SpringApplication.run(SpringApplication.java:1292) [spring-boot-2.7.8.jar:2.7.8]
	at com.iot.device.DeviceApplication.main(DeviceApplication.java:17) [classes/:na]
Caused by: java.lang.reflect.UndeclaredThrowableException: null
	at org.springframework.util.ReflectionUtils.rethrowRuntimeException(ReflectionUtils.java:147) ~[spring-core-5.3.25.jar:5.3.25]
	at com.alibaba.cloud.nacos.registry.NacosServiceRegistry.register(NacosServiceRegistry.java:82) ~[spring-cloud-starter-alibaba-nacos-discovery-2021.0.1.0.jar:2021.0.1.0]
	at org.springframework.cloud.client.serviceregistry.AbstractAutoServiceRegistration.register(AbstractAutoServiceRegistration.java:232) ~[spring-cloud-commons-3.1.3.jar:3.1.3]
	at com.alibaba.cloud.nacos.registry.NacosAutoServiceRegistration.register(NacosAutoServiceRegistration.java:78) ~[spring-cloud-starter-alibaba-nacos-discovery-2021.0.1.0.jar:2021.0.1.0]
	at org.springframework.cloud.client.serviceregistry.AbstractAutoServiceRegistration.start(AbstractAutoServiceRegistration.java:133) ~[spring-cloud-commons-3.1.3.jar:3.1.3]
	at org.springframework.cloud.client.serviceregistry.AbstractAutoServiceRegistration.bind(AbstractAutoServiceRegistration.java:98) ~[spring-cloud-commons-3.1.3.jar:3.1.3]
	at org.springframework.cloud.client.serviceregistry.AbstractAutoServiceRegistration.onApplicationEvent(AbstractAutoServiceRegistration.java:86) ~[spring-cloud-commons-3.1.3.jar:3.1.3]
	at org.springframework.cloud.client.serviceregistry.AbstractAutoServiceRegistration.onApplicationEvent(AbstractAutoServiceRegistration.java:47) ~[spring-cloud-commons-3.1.3.jar:3.1.3]
	at org.springframework.context.event.SimpleApplicationEventMulticaster.doInvokeListener(SimpleApplicationEventMulticaster.java:176) ~[spring-context-5.3.25.jar:5.3.25]
	at org.springframework.context.event.SimpleApplicationEventMulticaster.invokeListener(SimpleApplicationEventMulticaster.java:169) ~[spring-context-5.3.25.jar:5.3.25]
	at org.springframework.context.event.SimpleApplicationEventMulticaster.multicastEvent(SimpleApplicationEventMulticaster.java:143) ~[spring-context-5.3.25.jar:5.3.25]
	at org.springframework.context.support.AbstractApplicationContext.publishEvent(AbstractApplicationContext.java:421) ~[spring-context-5.3.25.jar:5.3.25]
	at org.springframework.context.support.AbstractApplicationContext.publishEvent(AbstractApplicationContext.java:378) ~[spring-context-5.3.25.jar:5.3.25]
	at org.springframework.boot.web.servlet.context.WebServerStartStopLifecycle.start(WebServerStartStopLifecycle.java:46) ~[spring-boot-2.7.8.jar:2.7.8]
	at org.springframework.context.support.DefaultLifecycleProcessor.doStart(DefaultLifecycleProcessor.java:178) ~[spring-context-5.3.25.jar:5.3.25]
	... 14 common frames omitted
Caused by: com.alibaba.nacos.api.exception.NacosException: failed to req API:/nacos/v1/ns/instance after all servers([119.45.119.119:18848]) tried: java.net.ConnectException: Connection refused: connect
	at com.alibaba.nacos.client.naming.net.NamingProxy.reqApi(NamingProxy.java:556) ~[nacos-client-1.4.2.jar:na]
	at com.alibaba.nacos.client.naming.net.NamingProxy.reqApi(NamingProxy.java:498) ~[nacos-client-1.4.2.jar:na]
	at com.alibaba.nacos.client.naming.net.NamingProxy.reqApi(NamingProxy.java:493) ~[nacos-client-1.4.2.jar:na]
	at com.alibaba.nacos.client.naming.net.NamingProxy.registerService(NamingProxy.java:246) ~[nacos-client-1.4.2.jar:na]
	at com.alibaba.nacos.client.naming.NacosNamingService.registerInstance(NacosNamingService.java:212) ~[nacos-client-1.4.2.jar:na]
	at com.alibaba.cloud.nacos.registry.NacosServiceRegistry.register(NacosServiceRegistry.java:74) ~[spring-cloud-starter-alibaba-nacos-discovery-2021.0.1.0.jar:2021.0.1.0]
	... 27 common frames omitted

2024-08-02 15:50:48.224  WARN 22764 --- [Thread-16] c.a.n.common.http.HttpClientBeanHolder   : [HttpClientBeanHolder] Start destroying common HttpClient
2024-08-02 15:50:48.224  WARN 22764 --- [Thread-22] c.a.nacos.common.notify.NotifyCenter     : [NotifyCenter] Start destroying Publisher
2024-08-02 15:50:48.224  WARN 22764 --- [Thread-22] c.a.nacos.common.notify.NotifyCenter     : [NotifyCenter] Destruction of the end
2024-08-02 15:51:14.973  INFO 872 --- [main] com.iot.device.DeviceApplication         : The following 1 profile is active: "dev"
2024-08-02 15:51:15.406  INFO 872 --- [main] .s.d.r.c.RepositoryConfigurationDelegate : Multiple Spring Data modules found, entering strict repository configuration mode
2024-08-02 15:51:15.408  INFO 872 --- [main] .s.d.r.c.RepositoryConfigurationDelegate : Bootstrapping Spring Data Redis repositories in DEFAULT mode.
2024-08-02 15:51:15.424  INFO 872 --- [main] .s.d.r.c.RepositoryConfigurationDelegate : Finished Spring Data repository scanning in 5 ms. Found 0 Redis repository interfaces.
2024-08-02 15:51:15.601  INFO 872 --- [main] o.s.cloud.context.scope.GenericScope     : BeanFactory id=2e01bca5-619c-3fa4-ad75-e3b5c8670a6e
2024-08-02 15:51:16.030  INFO 872 --- [main] o.s.b.w.embedded.tomcat.TomcatWebServer  : Tomcat initialized with port(s): 8050 (http)
2024-08-02 15:51:16.031  INFO 872 --- [main] o.a.catalina.core.AprLifecycleListener   : Loaded Apache Tomcat Native library [1.2.30] using APR version [1.7.0].
2024-08-02 15:51:16.031  INFO 872 --- [main] o.a.catalina.core.AprLifecycleListener   : APR capabilities: IPv6 [true], sendfile [true], accept filters [false], random [true], UDS [true].
2024-08-02 15:51:16.031  INFO 872 --- [main] o.a.catalina.core.AprLifecycleListener   : APR/OpenSSL configuration: useAprConnector [false], useOpenSSL [true]
2024-08-02 15:51:16.034  INFO 872 --- [main] o.a.catalina.core.AprLifecycleListener   : OpenSSL successfully initialized [OpenSSL 1.1.1k  25 Mar 2021]
2024-08-02 15:51:16.043  INFO 872 --- [main] o.apache.catalina.core.StandardService   : Starting service [Tomcat]
2024-08-02 15:51:16.043  INFO 872 --- [main] org.apache.catalina.core.StandardEngine  : Starting Servlet engine: [Apache Tomcat/9.0.71]
2024-08-02 15:51:16.215  INFO 872 --- [main] o.a.c.c.C.[Tomcat].[localhost].[/]       : Initializing Spring embedded WebApplicationContext
2024-08-02 15:51:16.216  INFO 872 --- [main] w.s.c.ServletWebServerApplicationContext : Root WebApplicationContext: initialization completed in 1228 ms
2024-08-02 15:51:16.808  INFO 872 --- [main] o.s.c.openfeign.FeignClientFactoryBean   : For 'iot-lamp-service' URL not provided. Will try picking an instance via load-balancing.
2024-08-02 15:51:17.317  INFO 872 --- [main] o.s.c.openfeign.FeignClientFactoryBean   : For 'iot-gateway-service' URL not provided. Will try picking an instance via load-balancing.
2024-08-02 15:51:18.900  WARN 872 --- [main] iguration$LoadBalancerCaffeineWarnLogger : Spring Cloud LoadBalancer is currently working with the default cache. While this cache implementation is useful for development and tests, it's recommended to use Caffeine cache in production.You can switch to using Caffeine cache, by adding it and org.springframework.cache.caffeine.CaffeineCacheManager to the classpath.
2024-08-02 15:51:19.118  INFO 872 --- [main] o.s.b.w.embedded.tomcat.TomcatWebServer  : Tomcat started on port(s): 8050 (http) with context path ''
2024-08-02 15:51:19.131  INFO 872 --- [main] c.a.c.n.registry.NacosServiceRegistry    : nacos registry, DEFAULT_GROUP iot-device-service 192.168.80.1:8050 register finished
2024-08-02 15:51:19.577  INFO 872 --- [main] com.iot.device.DeviceApplication         : Started DeviceApplication in 6.453 seconds (JVM running for 7.585)
2024-08-02 16:03:05.275  WARN 872 --- [Thread-17] c.a.n.common.http.HttpClientBeanHolder   : [HttpClientBeanHolder] Start destroying common HttpClient
2024-08-02 16:03:05.275  WARN 872 --- [Thread-23] c.a.nacos.common.notify.NotifyCenter     : [NotifyCenter] Start destroying Publisher
2024-08-02 16:03:05.276  WARN 872 --- [Thread-23] c.a.nacos.common.notify.NotifyCenter     : [NotifyCenter] Destruction of the end
2024-08-02 16:03:05.277  WARN 872 --- [Thread-17] c.a.n.common.http.HttpClientBeanHolder   : [HttpClientBeanHolder] Destruction of the end
2024-08-02 16:03:05.641  INFO 872 --- [SpringApplicationShutdownHook] c.a.c.n.registry.NacosServiceRegistry    : De-registering from Nacos Server now...
2024-08-02 16:03:05.645  INFO 872 --- [SpringApplicationShutdownHook] c.a.c.n.registry.NacosServiceRegistry    : De-registration finished.
2024-08-02 16:03:13.829  INFO 872 --- [SpringApplicationShutdownHook] com.alibaba.druid.pool.DruidDataSource   : {dataSource-0} closing ...
2024-08-02 16:03:19.326  INFO 10584 --- [main] com.iot.device.DeviceApplication         : The following 1 profile is active: "dev"
2024-08-02 16:03:19.778  INFO 10584 --- [main] .s.d.r.c.RepositoryConfigurationDelegate : Multiple Spring Data modules found, entering strict repository configuration mode
2024-08-02 16:03:19.780  INFO 10584 --- [main] .s.d.r.c.RepositoryConfigurationDelegate : Bootstrapping Spring Data Redis repositories in DEFAULT mode.
2024-08-02 16:03:19.799  INFO 10584 --- [main] .s.d.r.c.RepositoryConfigurationDelegate : Finished Spring Data repository scanning in 5 ms. Found 0 Redis repository interfaces.
2024-08-02 16:03:19.979  INFO 10584 --- [main] o.s.cloud.context.scope.GenericScope     : BeanFactory id=23c4c471-6bcb-30c0-bdcd-9c3abb8f346a
2024-08-02 16:03:20.408  INFO 10584 --- [main] o.s.b.w.embedded.tomcat.TomcatWebServer  : Tomcat initialized with port(s): 8050 (http)
2024-08-02 16:03:20.409  INFO 10584 --- [main] o.a.catalina.core.AprLifecycleListener   : Loaded Apache Tomcat Native library [1.2.30] using APR version [1.7.0].
2024-08-02 16:03:20.409  INFO 10584 --- [main] o.a.catalina.core.AprLifecycleListener   : APR capabilities: IPv6 [true], sendfile [true], accept filters [false], random [true], UDS [true].
2024-08-02 16:03:20.409  INFO 10584 --- [main] o.a.catalina.core.AprLifecycleListener   : APR/OpenSSL configuration: useAprConnector [false], useOpenSSL [true]
2024-08-02 16:03:20.412  INFO 10584 --- [main] o.a.catalina.core.AprLifecycleListener   : OpenSSL successfully initialized [OpenSSL 1.1.1k  25 Mar 2021]
2024-08-02 16:03:20.422  INFO 10584 --- [main] o.apache.catalina.core.StandardService   : Starting service [Tomcat]
2024-08-02 16:03:20.422  INFO 10584 --- [main] org.apache.catalina.core.StandardEngine  : Starting Servlet engine: [Apache Tomcat/9.0.71]
2024-08-02 16:03:20.604  INFO 10584 --- [main] o.a.c.c.C.[Tomcat].[localhost].[/]       : Initializing Spring embedded WebApplicationContext
2024-08-02 16:03:20.605  INFO 10584 --- [main] w.s.c.ServletWebServerApplicationContext : Root WebApplicationContext: initialization completed in 1262 ms
2024-08-02 16:03:21.187  INFO 10584 --- [main] o.s.c.openfeign.FeignClientFactoryBean   : For 'iot-lamp-service' URL not provided. Will try picking an instance via load-balancing.
2024-08-02 16:03:21.683  INFO 10584 --- [main] o.s.c.openfeign.FeignClientFactoryBean   : For 'iot-gateway-service' URL not provided. Will try picking an instance via load-balancing.
2024-08-02 16:03:23.199  WARN 10584 --- [main] iguration$LoadBalancerCaffeineWarnLogger : Spring Cloud LoadBalancer is currently working with the default cache. While this cache implementation is useful for development and tests, it's recommended to use Caffeine cache in production.You can switch to using Caffeine cache, by adding it and org.springframework.cache.caffeine.CaffeineCacheManager to the classpath.
2024-08-02 16:03:23.397  INFO 10584 --- [main] o.s.b.w.embedded.tomcat.TomcatWebServer  : Tomcat started on port(s): 8050 (http) with context path ''
2024-08-02 16:03:23.409  INFO 10584 --- [main] c.a.c.n.registry.NacosServiceRegistry    : nacos registry, DEFAULT_GROUP iot-device-service 192.168.80.1:8050 register finished
2024-08-02 16:03:23.862  INFO 10584 --- [main] com.iot.device.DeviceApplication         : Started DeviceApplication in 6.265 seconds (JVM running for 7.125)
2024-08-02 16:03:33.754  WARN 10584 --- [Thread-22] c.a.nacos.common.notify.NotifyCenter     : [NotifyCenter] Start destroying Publisher
2024-08-02 16:03:33.754  WARN 10584 --- [Thread-16] c.a.n.common.http.HttpClientBeanHolder   : [HttpClientBeanHolder] Start destroying common HttpClient
2024-08-02 16:03:33.754  WARN 10584 --- [Thread-22] c.a.nacos.common.notify.NotifyCenter     : [NotifyCenter] Destruction of the end
2024-08-02 16:03:33.755  WARN 10584 --- [Thread-16] c.a.n.common.http.HttpClientBeanHolder   : [HttpClientBeanHolder] Destruction of the end
2024-08-02 16:03:34.117  INFO 10584 --- [SpringApplicationShutdownHook] c.a.c.n.registry.NacosServiceRegistry    : De-registering from Nacos Server now...
2024-08-02 16:03:34.120  INFO 10584 --- [SpringApplicationShutdownHook] c.a.c.n.registry.NacosServiceRegistry    : De-registration finished.
2024-08-02 16:03:43.170  INFO 10584 --- [SpringApplicationShutdownHook] com.alibaba.druid.pool.DruidDataSource   : {dataSource-0} closing ...
2024-08-02 16:03:48.471  INFO 26380 --- [main] com.iot.device.DeviceApplication         : The following 1 profile is active: "dev"
2024-08-02 16:03:48.901  INFO 26380 --- [main] .s.d.r.c.RepositoryConfigurationDelegate : Multiple Spring Data modules found, entering strict repository configuration mode
2024-08-02 16:03:48.903  INFO 26380 --- [main] .s.d.r.c.RepositoryConfigurationDelegate : Bootstrapping Spring Data Redis repositories in DEFAULT mode.
2024-08-02 16:03:48.919  INFO 26380 --- [main] .s.d.r.c.RepositoryConfigurationDelegate : Finished Spring Data repository scanning in 5 ms. Found 0 Redis repository interfaces.
2024-08-02 16:03:49.091  INFO 26380 --- [main] o.s.cloud.context.scope.GenericScope     : BeanFactory id=62f4d8e8-79df-3fab-bc45-62041dcd4f59
2024-08-02 16:03:49.504  INFO 26380 --- [main] o.s.b.w.embedded.tomcat.TomcatWebServer  : Tomcat initialized with port(s): 8050 (http)
2024-08-02 16:03:49.505  INFO 26380 --- [main] o.a.catalina.core.AprLifecycleListener   : Loaded Apache Tomcat Native library [1.2.30] using APR version [1.7.0].
2024-08-02 16:03:49.505  INFO 26380 --- [main] o.a.catalina.core.AprLifecycleListener   : APR capabilities: IPv6 [true], sendfile [true], accept filters [false], random [true], UDS [true].
2024-08-02 16:03:49.505  INFO 26380 --- [main] o.a.catalina.core.AprLifecycleListener   : APR/OpenSSL configuration: useAprConnector [false], useOpenSSL [true]
2024-08-02 16:03:49.508  INFO 26380 --- [main] o.a.catalina.core.AprLifecycleListener   : OpenSSL successfully initialized [OpenSSL 1.1.1k  25 Mar 2021]
2024-08-02 16:03:49.516  INFO 26380 --- [main] o.apache.catalina.core.StandardService   : Starting service [Tomcat]
2024-08-02 16:03:49.516  INFO 26380 --- [main] org.apache.catalina.core.StandardEngine  : Starting Servlet engine: [Apache Tomcat/9.0.71]
2024-08-02 16:03:49.686  INFO 26380 --- [main] o.a.c.c.C.[Tomcat].[localhost].[/]       : Initializing Spring embedded WebApplicationContext
2024-08-02 16:03:49.686  INFO 26380 --- [main] w.s.c.ServletWebServerApplicationContext : Root WebApplicationContext: initialization completed in 1203 ms
2024-08-02 16:03:50.248  INFO 26380 --- [main] o.s.c.openfeign.FeignClientFactoryBean   : For 'iot-lamp-service' URL not provided. Will try picking an instance via load-balancing.
2024-08-02 16:03:50.742  INFO 26380 --- [main] o.s.c.openfeign.FeignClientFactoryBean   : For 'iot-gateway-service' URL not provided. Will try picking an instance via load-balancing.
2024-08-02 16:03:52.244  WARN 26380 --- [main] iguration$LoadBalancerCaffeineWarnLogger : Spring Cloud LoadBalancer is currently working with the default cache. While this cache implementation is useful for development and tests, it's recommended to use Caffeine cache in production.You can switch to using Caffeine cache, by adding it and org.springframework.cache.caffeine.CaffeineCacheManager to the classpath.
2024-08-02 16:03:52.448  INFO 26380 --- [main] o.s.b.w.embedded.tomcat.TomcatWebServer  : Tomcat started on port(s): 8050 (http) with context path ''
2024-08-02 16:03:52.460  INFO 26380 --- [main] c.a.c.n.registry.NacosServiceRegistry    : nacos registry, DEFAULT_GROUP iot-device-service 192.168.80.1:8050 register finished
2024-08-02 16:03:52.920  INFO 26380 --- [main] com.iot.device.DeviceApplication         : Started DeviceApplication in 6.144 seconds (JVM running for 6.986)
2024-08-02 16:03:57.625  WARN 26380 --- [Thread-16] c.a.n.common.http.HttpClientBeanHolder   : [HttpClientBeanHolder] Start destroying common HttpClient
2024-08-02 16:03:57.625  WARN 26380 --- [Thread-22] c.a.nacos.common.notify.NotifyCenter     : [NotifyCenter] Start destroying Publisher
2024-08-02 16:03:57.625  WARN 26380 --- [Thread-22] c.a.nacos.common.notify.NotifyCenter     : [NotifyCenter] Destruction of the end
2024-08-02 16:03:57.626  WARN 26380 --- [Thread-16] c.a.n.common.http.HttpClientBeanHolder   : [HttpClientBeanHolder] Destruction of the end
2024-08-02 16:03:57.955  INFO 26380 --- [SpringApplicationShutdownHook] c.a.c.n.registry.NacosServiceRegistry    : De-registering from Nacos Server now...
2024-08-02 16:03:57.958  INFO 26380 --- [SpringApplicationShutdownHook] c.a.c.n.registry.NacosServiceRegistry    : De-registration finished.
2024-08-02 16:04:06.479  INFO 26380 --- [SpringApplicationShutdownHook] com.alibaba.druid.pool.DruidDataSource   : {dataSource-0} closing ...
2024-08-02 16:04:10.688  INFO 8100 --- [main] com.iot.device.DeviceApplication         : The following 1 profile is active: "dev"
2024-08-02 16:04:11.124  INFO 8100 --- [main] .s.d.r.c.RepositoryConfigurationDelegate : Multiple Spring Data modules found, entering strict repository configuration mode
2024-08-02 16:04:11.126  INFO 8100 --- [main] .s.d.r.c.RepositoryConfigurationDelegate : Bootstrapping Spring Data Redis repositories in DEFAULT mode.
2024-08-02 16:04:11.143  INFO 8100 --- [main] .s.d.r.c.RepositoryConfigurationDelegate : Finished Spring Data repository scanning in 6 ms. Found 0 Redis repository interfaces.
2024-08-02 16:04:11.317  INFO 8100 --- [main] o.s.cloud.context.scope.GenericScope     : BeanFactory id=62f4d8e8-79df-3fab-bc45-62041dcd4f59
2024-08-02 16:04:11.726  INFO 8100 --- [main] o.s.b.w.embedded.tomcat.TomcatWebServer  : Tomcat initialized with port(s): 8050 (http)
2024-08-02 16:04:11.727  INFO 8100 --- [main] o.a.catalina.core.AprLifecycleListener   : Loaded Apache Tomcat Native library [1.2.30] using APR version [1.7.0].
2024-08-02 16:04:11.727  INFO 8100 --- [main] o.a.catalina.core.AprLifecycleListener   : APR capabilities: IPv6 [true], sendfile [true], accept filters [false], random [true], UDS [true].
2024-08-02 16:04:11.727  INFO 8100 --- [main] o.a.catalina.core.AprLifecycleListener   : APR/OpenSSL configuration: useAprConnector [false], useOpenSSL [true]
2024-08-02 16:04:11.730  INFO 8100 --- [main] o.a.catalina.core.AprLifecycleListener   : OpenSSL successfully initialized [OpenSSL 1.1.1k  25 Mar 2021]
2024-08-02 16:04:11.737  INFO 8100 --- [main] o.apache.catalina.core.StandardService   : Starting service [Tomcat]
2024-08-02 16:04:11.737  INFO 8100 --- [main] org.apache.catalina.core.StandardEngine  : Starting Servlet engine: [Apache Tomcat/9.0.71]
2024-08-02 16:04:11.902  INFO 8100 --- [main] o.a.c.c.C.[Tomcat].[localhost].[/]       : Initializing Spring embedded WebApplicationContext
2024-08-02 16:04:11.903  INFO 8100 --- [main] w.s.c.ServletWebServerApplicationContext : Root WebApplicationContext: initialization completed in 1203 ms
2024-08-02 16:04:12.459  INFO 8100 --- [main] o.s.c.openfeign.FeignClientFactoryBean   : For 'iot-lamp-service' URL not provided. Will try picking an instance via load-balancing.
2024-08-02 16:04:12.970  INFO 8100 --- [main] o.s.c.openfeign.FeignClientFactoryBean   : For 'iot-gateway-service' URL not provided. Will try picking an instance via load-balancing.
2024-08-02 16:04:14.447  WARN 8100 --- [main] iguration$LoadBalancerCaffeineWarnLogger : Spring Cloud LoadBalancer is currently working with the default cache. While this cache implementation is useful for development and tests, it's recommended to use Caffeine cache in production.You can switch to using Caffeine cache, by adding it and org.springframework.cache.caffeine.CaffeineCacheManager to the classpath.
2024-08-02 16:04:14.634  INFO 8100 --- [main] o.s.b.w.embedded.tomcat.TomcatWebServer  : Tomcat started on port(s): 8050 (http) with context path ''
2024-08-02 16:04:14.645  INFO 8100 --- [main] c.a.c.n.registry.NacosServiceRegistry    : nacos registry, DEFAULT_GROUP iot-device-service 192.168.80.1:8050 register finished
2024-08-02 16:04:15.094  INFO 8100 --- [main] com.iot.device.DeviceApplication         : Started DeviceApplication in 6.118 seconds (JVM running for 7.163)
